2021-07-02 16:50:42,132 INFO [restartedMain] c.r.c.AnchorApplication [StartupInfoLogger.java:55] Starting AnchorApplication using Java 1.8.0_281 on DESKTOP-47FLVVM with PID 7640 (D:\ProjectsOfCode\IdeaProjects\Anchor\target\classes started by reanon in D:\ProjectsOfCode\IdeaProjects\Anchor)
2021-07-02 16:50:42,133 INFO [restartedMain] c.r.c.AnchorApplication [SpringApplication.java:668] The following profiles are active: develop
2021-07-02 16:50:42,461 INFO [main] c.r.c.LoggerTest [StartupInfoLogger.java:55] Starting LoggerTest using Java 1.8.0_281 on DESKTOP-47FLVVM with PID 25772 (started by reanon in D:\ProjectsOfCode\IdeaProjects\Anchor)
2021-07-02 16:50:42,464 INFO [main] c.r.c.LoggerTest [SpringApplication.java:668] The following profiles are active: develop
2021-07-02 16:50:42,469 INFO [restartedMain] o.s.b.w.e.t.TomcatWebServer [TomcatWebServer.java:108] Tomcat initialized with port(s): 8080 (http)
2021-07-02 16:50:42,470 INFO [restartedMain] o.a.c.c.StandardService [DirectJDKLog.java:173] Starting service [Tomcat]
2021-07-02 16:50:42,470 INFO [restartedMain] o.a.c.c.StandardEngine [DirectJDKLog.java:173] Starting Servlet engine: [Apache Tomcat/9.0.48]
2021-07-02 16:50:42,487 INFO [restartedMain] o.a.c.c.C.[.[.[/] [DirectJDKLog.java:173] Initializing Spring embedded WebApplicationContext
2021-07-02 16:50:42,488 INFO [restartedMain] o.s.b.w.s.c.ServletWebServerApplicationContext [ServletWebServerApplicationContext.java:289] Root WebApplicationContext: initialization completed in 353 ms
2021-07-02 16:50:42,667 INFO [restartedMain] o.s.b.a.w.s.WelcomePageHandlerMapping [WelcomePageHandlerMapping.java:57] Adding welcome page template: index
2021-07-02 16:50:42,726 INFO [restartedMain] o.s.b.d.a.OptionalLiveReloadServer [OptionalLiveReloadServer.java:58] LiveReload server is running on port 35729
2021-07-02 16:50:42,737 INFO [restartedMain] o.s.b.w.e.t.TomcatWebServer [TomcatWebServer.java:220] Tomcat started on port(s): 8080 (http) with context path ''
2021-07-02 16:50:42,742 INFO [restartedMain] c.r.c.AnchorApplication [StartupInfoLogger.java:61] Started AnchorApplication in 0.717 seconds (JVM running for 1803.551)
2021-07-02 16:50:42,745 INFO [restartedMain] o.s.b.d.a.ConditionEvaluationDeltaLoggingListener [ConditionEvaluationDeltaLoggingListener.java:63] Condition evaluation unchanged
2021-07-02 16:50:44,616 INFO [main] o.s.b.a.w.s.WelcomePageHandlerMapping [WelcomePageHandlerMapping.java:57] Adding welcome page template: index
2021-07-02 16:50:45,031 INFO [main] c.r.c.LoggerTest [StartupInfoLogger.java:61] Started LoggerTest in 3.225 seconds (JVM running for 4.57)
2021-07-02 16:50:45,265 INFO [main] c.r.c.LoggerTest [LoggerTest.java:21] info log
2021-07-02 18:02:03,990 INFO [main] c.r.c.MailTest [StartupInfoLogger.java:55] Starting MailTest using Java 1.8.0_281 on DESKTOP-47FLVVM with PID 4052 (started by reanon in D:\ProjectsOfCode\IdeaProjects\Anchor)
2021-07-02 18:02:03,992 INFO [main] c.r.c.MailTest [SpringApplication.java:668] The following profiles are active: develop
2021-07-02 18:02:07,425 INFO [main] o.s.b.a.w.s.WelcomePageHandlerMapping [WelcomePageHandlerMapping.java:57] Adding welcome page template: index
2021-07-02 18:02:07,909 INFO [main] c.r.c.MailTest [StartupInfoLogger.java:61] Started MailTest in 4.551 seconds (JVM running for 6.63)
2021-07-02 18:09:09,560 INFO [main] c.r.c.MailTest [StartupInfoLogger.java:55] Starting MailTest using Java 1.8.0_281 on DESKTOP-47FLVVM with PID 13688 (started by reanon in D:\ProjectsOfCode\IdeaProjects\Anchor)
2021-07-02 18:09:09,562 INFO [main] c.r.c.MailTest [SpringApplication.java:668] The following profiles are active: develop
2021-07-02 18:09:11,579 INFO [main] o.s.b.a.w.s.WelcomePageHandlerMapping [WelcomePageHandlerMapping.java:57] Adding welcome page template: index
2021-07-02 18:09:11,955 INFO [main] c.r.c.MailTest [StartupInfoLogger.java:61] Started MailTest in 3.006 seconds (JVM running for 4.329)
2021-07-02 18:44:27,503 INFO [restartedMain] c.r.c.AnchorApplication [StartupInfoLogger.java:55] Starting AnchorApplication using Java 1.8.0_281 on DESKTOP-47FLVVM with PID 3288 (D:\ProjectsOfCode\IdeaProjects\Anchor\target\classes started by reanon in D:\ProjectsOfCode\IdeaProjects\Anchor)
2021-07-02 18:44:27,510 INFO [restartedMain] c.r.c.AnchorApplication [SpringApplication.java:668] The following profiles are active: develop
2021-07-02 18:44:27,606 INFO [restartedMain] o.s.b.d.e.DevToolsPropertyDefaultsPostProcessor [DeferredLog.java:255] Devtools property defaults active! Set 'spring.devtools.add-properties' to 'false' to disable
2021-07-02 18:44:27,607 INFO [restartedMain] o.s.b.d.e.DevToolsPropertyDefaultsPostProcessor [DeferredLog.java:255] For additional web related logging consider setting the 'logging.level.web' property to 'DEBUG'
2021-07-02 18:44:28,182 INFO [restartedMain] c.r.c.AnchorApplication [StartupInfoLogger.java:55] Starting AnchorApplication using Java 1.8.0_281 on DESKTOP-47FLVVM with PID 6928 (D:\ProjectsOfCode\IdeaProjects\Anchor\target\classes started by reanon in D:\ProjectsOfCode\IdeaProjects\Anchor)
2021-07-02 18:44:28,186 INFO [restartedMain] c.r.c.AnchorApplication [SpringApplication.java:668] The following profiles are active: develop
2021-07-02 18:44:28,255 INFO [restartedMain] o.s.b.d.e.DevToolsPropertyDefaultsPostProcessor [DeferredLog.java:255] Devtools property defaults active! Set 'spring.devtools.add-properties' to 'false' to disable
2021-07-02 18:44:28,256 INFO [restartedMain] o.s.b.d.e.DevToolsPropertyDefaultsPostProcessor [DeferredLog.java:255] For additional web related logging consider setting the 'logging.level.web' property to 'DEBUG'
2021-07-02 18:44:29,471 INFO [restartedMain] o.s.b.w.e.t.TomcatWebServer [TomcatWebServer.java:108] Tomcat initialized with port(s): 8080 (http)
2021-07-02 18:44:29,484 INFO [restartedMain] o.a.c.h.Http11NioProtocol [DirectJDKLog.java:173] Initializing ProtocolHandler ["http-nio-8080"]
2021-07-02 18:44:29,486 INFO [restartedMain] o.a.c.c.StandardService [DirectJDKLog.java:173] Starting service [Tomcat]
2021-07-02 18:44:29,487 INFO [restartedMain] o.a.c.c.StandardEngine [DirectJDKLog.java:173] Starting Servlet engine: [Apache Tomcat/9.0.48]
2021-07-02 18:44:29,564 INFO [restartedMain] o.a.c.c.C.[.[.[/] [DirectJDKLog.java:173] Initializing Spring embedded WebApplicationContext
2021-07-02 18:44:29,565 INFO [restartedMain] o.s.b.w.s.c.ServletWebServerApplicationContext [ServletWebServerApplicationContext.java:289] Root WebApplicationContext: initialization completed in 1955 ms
2021-07-02 18:44:29,651 INFO [restartedMain] o.s.b.w.e.t.TomcatWebServer [TomcatWebServer.java:108] Tomcat initialized with port(s): 8080 (http)
2021-07-02 18:44:29,659 INFO [restartedMain] o.a.c.h.Http11NioProtocol [DirectJDKLog.java:173] Initializing ProtocolHandler ["http-nio-8080"]
2021-07-02 18:44:29,659 INFO [restartedMain] o.a.c.c.StandardService [DirectJDKLog.java:173] Starting service [Tomcat]
2021-07-02 18:44:29,660 INFO [restartedMain] o.a.c.c.StandardEngine [DirectJDKLog.java:173] Starting Servlet engine: [Apache Tomcat/9.0.48]
2021-07-02 18:44:29,732 INFO [restartedMain] o.a.c.c.C.[.[.[/] [DirectJDKLog.java:173] Initializing Spring embedded WebApplicationContext
2021-07-02 18:44:29,732 INFO [restartedMain] o.s.b.w.s.c.ServletWebServerApplicationContext [ServletWebServerApplicationContext.java:289] Root WebApplicationContext: initialization completed in 1475 ms
2021-07-02 18:44:30,300 INFO [restartedMain] o.s.b.a.w.s.WelcomePageHandlerMapping [WelcomePageHandlerMapping.java:57] Adding welcome page template: index
2021-07-02 18:44:30,335 INFO [restartedMain] o.s.b.a.w.s.WelcomePageHandlerMapping [WelcomePageHandlerMapping.java:57] Adding welcome page template: index
2021-07-02 18:44:30,524 INFO [restartedMain] o.s.b.d.a.OptionalLiveReloadServer [OptionalLiveReloadServer.java:58] LiveReload server is running on port 35729
2021-07-02 18:44:30,543 INFO [restartedMain] o.a.c.h.Http11NioProtocol [DirectJDKLog.java:173] Starting ProtocolHandler ["http-nio-8080"]
2021-07-02 18:44:30,544 INFO [restartedMain] o.a.c.h.Http11NioProtocol [DirectJDKLog.java:173] Starting ProtocolHandler ["http-nio-8080"]
2021-07-02 18:44:30,563 INFO [restartedMain] o.a.c.h.Http11NioProtocol [DirectJDKLog.java:173] Pausing ProtocolHandler ["http-nio-8080"]
2021-07-02 18:44:30,563 INFO [restartedMain] o.a.c.c.StandardService [DirectJDKLog.java:173] Stopping service [Tomcat]
2021-07-02 18:44:30,568 INFO [restartedMain] o.s.b.w.e.t.TomcatWebServer [TomcatWebServer.java:220] Tomcat started on port(s): 8080 (http) with context path ''
2021-07-02 18:44:30,570 INFO [restartedMain] o.a.c.h.Http11NioProtocol [DirectJDKLog.java:173] Stopping ProtocolHandler ["http-nio-8080"]
2021-07-02 18:44:30,571 INFO [restartedMain] o.a.c.h.Http11NioProtocol [DirectJDKLog.java:173] Destroying ProtocolHandler ["http-nio-8080"]
2021-07-02 18:44:30,580 INFO [restartedMain] c.r.c.AnchorApplication [StartupInfoLogger.java:61] Started AnchorApplication in 3.263 seconds (JVM running for 4.832)
2021-07-02 18:44:30,580 INFO [restartedMain] o.s.b.a.l.ConditionEvaluationReportLoggingListener [ConditionEvaluationReportLoggingListener.java:136] 

Error starting ApplicationContext. To display the conditions report re-run your application with 'debug' enabled.
2021-07-02 18:44:43,775 INFO [http-nio-8080-exec-1] o.a.c.c.C.[.[.[/] [DirectJDKLog.java:173] Initializing Spring DispatcherServlet 'dispatcherServlet'
2021-07-02 18:44:43,775 INFO [http-nio-8080-exec-1] o.s.w.s.DispatcherServlet [FrameworkServlet.java:525] Initializing Servlet 'dispatcherServlet'
2021-07-02 18:44:43,777 INFO [http-nio-8080-exec-1] o.s.w.s.DispatcherServlet [FrameworkServlet.java:547] Completed initialization in 0 ms
2021-07-02 18:44:43,837 INFO [http-nio-8080-exec-1] c.z.h.HikariDataSource [HikariDataSource.java:110] HikariPool-1 - Starting...
2021-07-02 18:44:44,036 INFO [http-nio-8080-exec-1] c.z.h.HikariDataSource [HikariDataSource.java:123] HikariPool-1 - Start completed.
2021-07-02 19:26:41,961 INFO [Thread-12] c.z.h.HikariDataSource [HikariDataSource.java:350] HikariPool-1 - Shutdown initiated...
2021-07-02 19:26:41,965 INFO [Thread-12] c.z.h.HikariDataSource [HikariDataSource.java:352] HikariPool-1 - Shutdown completed.
2021-07-02 19:26:42,154 INFO [restartedMain] c.r.c.AnchorApplication [StartupInfoLogger.java:55] Starting AnchorApplication using Java 1.8.0_281 on DESKTOP-47FLVVM with PID 6928 (D:\ProjectsOfCode\IdeaProjects\Anchor\target\classes started by reanon in D:\ProjectsOfCode\IdeaProjects\Anchor)
2021-07-02 19:26:42,156 INFO [restartedMain] c.r.c.AnchorApplication [SpringApplication.java:668] The following profiles are active: develop
2021-07-02 19:26:42,526 INFO [restartedMain] o.s.b.w.e.t.TomcatWebServer [TomcatWebServer.java:108] Tomcat initialized with port(s): 8080 (http)
2021-07-02 19:26:42,527 INFO [restartedMain] o.a.c.h.Http11NioProtocol [DirectJDKLog.java:173] Initializing ProtocolHandler ["http-nio-8080"]
2021-07-02 19:26:42,528 INFO [restartedMain] o.a.c.c.StandardService [DirectJDKLog.java:173] Starting service [Tomcat]
2021-07-02 19:26:42,528 INFO [restartedMain] o.a.c.c.StandardEngine [DirectJDKLog.java:173] Starting Servlet engine: [Apache Tomcat/9.0.48]
2021-07-02 19:26:42,545 INFO [restartedMain] o.a.c.c.C.[.[.[/anchor] [DirectJDKLog.java:173] Initializing Spring embedded WebApplicationContext
2021-07-02 19:26:42,545 INFO [restartedMain] o.s.b.w.s.c.ServletWebServerApplicationContext [ServletWebServerApplicationContext.java:289] Root WebApplicationContext: initialization completed in 385 ms
2021-07-02 19:26:42,558 INFO [restartedMain] o.a.c.c.StandardService [DirectJDKLog.java:173] Stopping service [Tomcat]
2021-07-02 19:26:42,564 INFO [restartedMain] o.s.b.a.l.ConditionEvaluationReportLoggingListener [ConditionEvaluationReportLoggingListener.java:136] 

Error starting ApplicationContext. To display the conditions report re-run your application with 'debug' enabled.
2021-07-02 19:26:44,165 INFO [restartedMain] c.r.c.AnchorApplication [StartupInfoLogger.java:55] Starting AnchorApplication using Java 1.8.0_281 on DESKTOP-47FLVVM with PID 6928 (D:\ProjectsOfCode\IdeaProjects\Anchor\target\classes started by reanon in D:\ProjectsOfCode\IdeaProjects\Anchor)
2021-07-02 19:26:44,166 INFO [restartedMain] c.r.c.AnchorApplication [SpringApplication.java:668] The following profiles are active: develop
2021-07-02 19:26:44,433 INFO [restartedMain] o.s.b.w.e.t.TomcatWebServer [TomcatWebServer.java:108] Tomcat initialized with port(s): 8080 (http)
2021-07-02 19:26:44,434 INFO [restartedMain] o.a.c.h.Http11NioProtocol [DirectJDKLog.java:173] Initializing ProtocolHandler ["http-nio-8080"]
2021-07-02 19:26:44,434 INFO [restartedMain] o.a.c.c.StandardService [DirectJDKLog.java:173] Starting service [Tomcat]
2021-07-02 19:26:44,435 INFO [restartedMain] o.a.c.c.StandardEngine [DirectJDKLog.java:173] Starting Servlet engine: [Apache Tomcat/9.0.48]
2021-07-02 19:26:44,447 INFO [restartedMain] o.a.c.c.C.[.[.[/anchor] [DirectJDKLog.java:173] Initializing Spring embedded WebApplicationContext
2021-07-02 19:26:44,447 INFO [restartedMain] o.s.b.w.s.c.ServletWebServerApplicationContext [ServletWebServerApplicationContext.java:289] Root WebApplicationContext: initialization completed in 276 ms
2021-07-02 19:26:44,572 INFO [restartedMain] o.s.b.a.w.s.WelcomePageHandlerMapping [WelcomePageHandlerMapping.java:57] Adding welcome page template: index
2021-07-02 19:26:44,610 INFO [restartedMain] o.s.b.d.a.OptionalLiveReloadServer [OptionalLiveReloadServer.java:58] LiveReload server is running on port 35729
2021-07-02 19:26:44,621 INFO [restartedMain] o.a.c.h.Http11NioProtocol [DirectJDKLog.java:173] Starting ProtocolHandler ["http-nio-8080"]
2021-07-02 19:26:44,624 INFO [restartedMain] o.s.b.w.e.t.TomcatWebServer [TomcatWebServer.java:220] Tomcat started on port(s): 8080 (http) with context path '/anchor'
2021-07-02 19:26:44,628 INFO [restartedMain] c.r.c.AnchorApplication [StartupInfoLogger.java:61] Started AnchorApplication in 0.499 seconds (JVM running for 2538.88)
2021-07-02 19:26:44,630 INFO [restartedMain] o.s.b.d.a.ConditionEvaluationDeltaLoggingListener [ConditionEvaluationDeltaLoggingListener.java:63] Condition evaluation unchanged
2021-07-02 19:26:58,472 INFO [http-nio-8080-exec-5] o.a.c.c.C.[.[.[/anchor] [DirectJDKLog.java:173] Initializing Spring DispatcherServlet 'dispatcherServlet'
2021-07-02 19:26:58,473 INFO [http-nio-8080-exec-5] o.s.w.s.DispatcherServlet [FrameworkServlet.java:525] Initializing Servlet 'dispatcherServlet'
2021-07-02 19:26:58,474 INFO [http-nio-8080-exec-5] o.s.w.s.DispatcherServlet [FrameworkServlet.java:547] Completed initialization in 1 ms
2021-07-02 19:26:58,483 INFO [http-nio-8080-exec-5] c.z.h.HikariDataSource [HikariDataSource.java:110] HikariPool-2 - Starting...
2021-07-02 19:26:58,490 INFO [http-nio-8080-exec-5] c.z.h.HikariDataSource [HikariDataSource.java:123] HikariPool-2 - Start completed.
2021-07-02 19:39:15,569 INFO [Thread-18] c.z.h.HikariDataSource [HikariDataSource.java:350] HikariPool-2 - Shutdown initiated...
2021-07-02 19:39:15,578 INFO [Thread-18] c.z.h.HikariDataSource [HikariDataSource.java:352] HikariPool-2 - Shutdown completed.
2021-07-02 19:39:16,052 INFO [restartedMain] c.r.c.AnchorApplication [StartupInfoLogger.java:55] Starting AnchorApplication using Java 1.8.0_281 on DESKTOP-47FLVVM with PID 6928 (D:\ProjectsOfCode\IdeaProjects\Anchor\target\classes started by reanon in D:\ProjectsOfCode\IdeaProjects\Anchor)
2021-07-02 19:39:16,053 INFO [restartedMain] c.r.c.AnchorApplication [SpringApplication.java:668] The following profiles are active: develop
2021-07-02 19:39:16,484 INFO [restartedMain] o.s.b.w.e.t.TomcatWebServer [TomcatWebServer.java:108] Tomcat initialized with port(s): 8080 (http)
2021-07-02 19:39:16,485 INFO [restartedMain] o.a.c.h.Http11NioProtocol [DirectJDKLog.java:173] Initializing ProtocolHandler ["http-nio-8080"]
2021-07-02 19:39:16,485 INFO [restartedMain] o.a.c.c.StandardService [DirectJDKLog.java:173] Starting service [Tomcat]
2021-07-02 19:39:16,485 INFO [restartedMain] o.a.c.c.StandardEngine [DirectJDKLog.java:173] Starting Servlet engine: [Apache Tomcat/9.0.48]
2021-07-02 19:39:16,507 INFO [restartedMain] o.a.c.c.C.[.[.[/anchor] [DirectJDKLog.java:173] Initializing Spring embedded WebApplicationContext
2021-07-02 19:39:16,507 INFO [restartedMain] o.s.b.w.s.c.ServletWebServerApplicationContext [ServletWebServerApplicationContext.java:289] Root WebApplicationContext: initialization completed in 450 ms
2021-07-02 19:39:16,633 INFO [restartedMain] o.a.c.c.StandardService [DirectJDKLog.java:173] Stopping service [Tomcat]
2021-07-02 19:39:16,638 INFO [restartedMain] o.s.b.a.l.ConditionEvaluationReportLoggingListener [ConditionEvaluationReportLoggingListener.java:136] 

Error starting ApplicationContext. To display the conditions report re-run your application with 'debug' enabled.
2021-07-02 19:39:18,263 INFO [restartedMain] c.r.c.AnchorApplication [StartupInfoLogger.java:55] Starting AnchorApplication using Java 1.8.0_281 on DESKTOP-47FLVVM with PID 6928 (D:\ProjectsOfCode\IdeaProjects\Anchor\target\classes started by reanon in D:\ProjectsOfCode\IdeaProjects\Anchor)
2021-07-02 19:39:18,265 INFO [restartedMain] c.r.c.AnchorApplication [SpringApplication.java:668] The following profiles are active: develop
2021-07-02 19:39:18,734 INFO [restartedMain] o.s.b.w.e.t.TomcatWebServer [TomcatWebServer.java:108] Tomcat initialized with port(s): 8080 (http)
2021-07-02 19:39:18,737 INFO [restartedMain] o.a.c.h.Http11NioProtocol [DirectJDKLog.java:173] Initializing ProtocolHandler ["http-nio-8080"]
2021-07-02 19:39:18,739 INFO [restartedMain] o.a.c.c.StandardService [DirectJDKLog.java:173] Starting service [Tomcat]
2021-07-02 19:39:18,741 INFO [restartedMain] o.a.c.c.StandardEngine [DirectJDKLog.java:173] Starting Servlet engine: [Apache Tomcat/9.0.48]
2021-07-02 19:39:18,820 INFO [restartedMain] o.a.c.c.C.[.[.[/anchor] [DirectJDKLog.java:173] Initializing Spring embedded WebApplicationContext
2021-07-02 19:39:18,821 INFO [restartedMain] o.s.b.w.s.c.ServletWebServerApplicationContext [ServletWebServerApplicationContext.java:289] Root WebApplicationContext: initialization completed in 552 ms
2021-07-02 19:39:19,156 INFO [restartedMain] o.s.b.a.w.s.WelcomePageHandlerMapping [WelcomePageHandlerMapping.java:57] Adding welcome page template: index
2021-07-02 19:39:19,247 INFO [restartedMain] o.s.b.d.a.OptionalLiveReloadServer [OptionalLiveReloadServer.java:58] LiveReload server is running on port 35729
2021-07-02 19:39:19,268 INFO [restartedMain] o.a.c.h.Http11NioProtocol [DirectJDKLog.java:173] Starting ProtocolHandler ["http-nio-8080"]
2021-07-02 19:39:19,274 INFO [restartedMain] o.s.b.w.e.t.TomcatWebServer [TomcatWebServer.java:220] Tomcat started on port(s): 8080 (http) with context path '/anchor'
2021-07-02 19:39:19,283 INFO [restartedMain] c.r.c.AnchorApplication [StartupInfoLogger.java:61] Started AnchorApplication in 1.065 seconds (JVM running for 3293.535)
2021-07-02 19:39:19,288 INFO [restartedMain] o.s.b.d.a.ConditionEvaluationDeltaLoggingListener [ConditionEvaluationDeltaLoggingListener.java:63] Condition evaluation unchanged
2021-07-02 19:39:20,984 INFO [http-nio-8080-exec-1] o.a.c.c.C.[.[.[/anchor] [DirectJDKLog.java:173] Initializing Spring DispatcherServlet 'dispatcherServlet'
2021-07-02 19:39:20,985 INFO [http-nio-8080-exec-1] o.s.w.s.DispatcherServlet [FrameworkServlet.java:525] Initializing Servlet 'dispatcherServlet'
2021-07-02 19:39:20,986 INFO [http-nio-8080-exec-1] o.s.w.s.DispatcherServlet [FrameworkServlet.java:547] Completed initialization in 1 ms
2021-07-02 19:39:20,989 INFO [http-nio-8080-exec-1] c.z.h.HikariDataSource [HikariDataSource.java:110] HikariPool-3 - Starting...
2021-07-02 19:39:20,997 INFO [http-nio-8080-exec-1] c.z.h.HikariDataSource [HikariDataSource.java:123] HikariPool-3 - Start completed.
